----------------------------------------------------------------
<<<<<<< HEAD
Sat Mar 09 22:58:49 CET 2019:
Booting Derby version The Apache Software Foundation - Apache Derby - 10.14.2.0 - (1828579): instance a816c00e-0169-6477-3a66-00000e2b3be8 
on database directory memory:/Users/Muro10/git/PipelineNaoRobot/testdb with class loader sun.misc.Launcher$AppClassLoader@2a139a55 
Loaded from file:/Users/Muro10/.m2/repository/org/apache/derby/derby/10.14.2.0/derby-10.14.2.0.jar
=======
Thu Mar 07 22:15:54 CET 2019:
Booting Derby version The Apache Software Foundation - Apache Derby - 10.14.2.0 - (1828579): instance a816c00e-0169-5a03-3658-000010009538 
on database directory memory:C:\Users\D069502\git\PipelineNaoRobot\testdb with class loader org.springframework.boot.loader.LaunchedURLClassLoader@685f4c2e 
Loaded from jar:file:/C:/Users/D069502/git/PipelineNaoRobot/target/PipelineNaoRobot-0.0.1-SNAPSHOT.jar!/BOOT-INF/lib/derby-10.14.2.0.jar!/
>>>>>>> branch 'master' of git@github.com:Dejevu10/PipelineNaoRobot.git
java.vendor=Oracle Corporation
java.runtime.version=1.8.0_201-b09
user.dir=C:\Users\D069502\git\PipelineNaoRobot
os.name=Windows 10
os.arch=amd64
os.version=10.0
derby.system.home=null
Database Class Loader started - derby.database.classpath=''
